<?xml version="1.0" encoding="UTF-8"?>
<!-- Generated by org.testng.reporters.JUnitXMLReporter -->
<testsuite hostname="Karthik-PC" ignored="0" name="SignInTest" tests="2" failures="2" timestamp="20 Aug 2018 17:48:34 GMT" time="69.688" errors="0">
  <testcase name="signInTest" time="38.369" classname="com.qa.testcases.SignInTest">
    <failure type="java.lang.NullPointerException">
      <![CDATA[java.lang.NullPointerException
	at org.openqa.selenium.support.pagefactory.internal.LocatingElementHandler.invoke(LocatingElementHandler.java:51)
	at com.sun.proxy.$Proxy7.toString(Unknown Source)
	at java.lang.String.valueOf(String.java:2994)
	at java.lang.StringBuilder.append(StringBuilder.java:131)
	at com.qa.base.Page.click(Page.java:79)
	at com.qa.pages.actions.TopNavigation.gotoSignIn(TopNavigation.java:25)
	at com.qa.testcases.SignInTest.signInTest(SignInTest.java:30)
... Removed 28 stack frames]]>
    </failure>
  </testcase> <!-- signInTest -->
  <testcase name="signInTest" time="28.292" classname="com.qa.testcases.SignInTest">
    <failure type="java.lang.NullPointerException">
      <![CDATA[java.lang.NullPointerException
	at org.openqa.selenium.support.pagefactory.internal.LocatingElementHandler.invoke(LocatingElementHandler.java:51)
	at com.sun.proxy.$Proxy7.toString(Unknown Source)
	at java.lang.String.valueOf(String.java:2994)
	at java.lang.StringBuilder.append(StringBuilder.java:131)
	at com.qa.base.Page.click(Page.java:79)
	at com.qa.pages.actions.TopNavigation.gotoSignIn(TopNavigation.java:25)
	at com.qa.testcases.SignInTest.signInTest(SignInTest.java:30)
... Removed 28 stack frames]]>
    </failure>
  </testcase> <!-- signInTest -->
</testsuite> <!-- SignInTest -->
